C:\USERS\THIAGO\GOOGLE DRIVE\UERJ\IC\NIBRA\DEBUG\RECONHECIMENTO DE DESENHOS.LIB
C:\Users\Thiago\Google Drive\UERJ\IC\nibra\reconhecimento de desenhos\Debug\cl.command.1.tlog
C:\Users\Thiago\Google Drive\UERJ\IC\nibra\reconhecimento de desenhos\Debug\CL.read.1.tlog
C:\Users\Thiago\Google Drive\UERJ\IC\nibra\reconhecimento de desenhos\Debug\CL.write.1.tlog
C:\USERS\THIAGO\GOOGLE DRIVE\UERJ\IC\NIBRA\RECONHECIMENTO DE DESENHOS\DEBUG\CLIENT.OBJ
C:\USERS\THIAGO\GOOGLE DRIVE\UERJ\IC\NIBRA\RECONHECIMENTO DE DESENHOS\DEBUG\CLIENTEDECLASSIFICACAO.OBJ
C:\USERS\THIAGO\GOOGLE DRIVE\UERJ\IC\NIBRA\RECONHECIMENTO DE DESENHOS\DEBUG\CONTORNOS.OBJ
C:\USERS\THIAGO\GOOGLE DRIVE\UERJ\IC\NIBRA\RECONHECIMENTO DE DESENHOS\DEBUG\CONTORNOSPARADESENHO.OBJ
C:\USERS\THIAGO\GOOGLE DRIVE\UERJ\IC\NIBRA\RECONHECIMENTO DE DESENHOS\DEBUG\FILTRO.OBJ
C:\USERS\THIAGO\GOOGLE DRIVE\UERJ\IC\NIBRA\RECONHECIMENTO DE DESENHOS\DEBUG\FORMA.OBJ
C:\USERS\THIAGO\GOOGLE DRIVE\UERJ\IC\NIBRA\RECONHECIMENTO DE DESENHOS\DEBUG\IMAGEM.OBJ
C:\Users\Thiago\Google Drive\UERJ\IC\nibra\reconhecimento de desenhos\Debug\lib.command.1.tlog
C:\Users\Thiago\Google Drive\UERJ\IC\nibra\reconhecimento de desenhos\Debug\Lib-link.read.1.tlog
C:\Users\Thiago\Google Drive\UERJ\IC\nibra\reconhecimento de desenhos\Debug\Lib-link.write.1.tlog
C:\USERS\THIAGO\GOOGLE DRIVE\UERJ\IC\NIBRA\RECONHECIMENTO DE DESENHOS\DEBUG\RECONHECIMENTODEDESENHOS.OBJ
C:\USERS\THIAGO\GOOGLE DRIVE\UERJ\IC\NIBRA\RECONHECIMENTO DE DESENHOS\DEBUG\RECONSTRUCAO3DDEDESENHOS.OBJ
C:\USERS\THIAGO\GOOGLE DRIVE\UERJ\IC\NIBRA\RECONHECIMENTO DE DESENHOS\DEBUG\REPOSITORIO.OBJ
C:\USERS\THIAGO\GOOGLE DRIVE\UERJ\IC\NIBRA\RECONHECIMENTO DE DESENHOS\DEBUG\REPOSITORIOARQUIVO.OBJ
C:\USERS\THIAGO\GOOGLE DRIVE\UERJ\IC\NIBRA\RECONHECIMENTO DE DESENHOS\DEBUG\SHADER.OBJ
C:\USERS\THIAGO\GOOGLE DRIVE\UERJ\IC\NIBRA\RECONHECIMENTO DE DESENHOS\DEBUG\TESTE.OBJ
C:\USERS\THIAGO\GOOGLE DRIVE\UERJ\IC\NIBRA\RECONHECIMENTO DE DESENHOS\DEBUG\TEXTURA.OBJ
C:\USERS\THIAGO\GOOGLE DRIVE\UERJ\IC\NIBRA\RECONHECIMENTO DE DESENHOS\DEBUG\TIPOSDEDESENHO.OBJ
C:\Users\Thiago\Google Drive\UERJ\IC\nibra\reconhecimento de desenhos\Debug\vc100.idb
C:\USERS\THIAGO\GOOGLE DRIVE\UERJ\IC\NIBRA\RECONHECIMENTO DE DESENHOS\DEBUG\VC100.PDB
C:\USERS\THIAGO\GOOGLE DRIVE\UERJ\IC\NIBRA\RECONHECIMENTO DE DESENHOS\DEBUG\VIDEO.OBJ
